error: No se ha podido conectar a la base de datos
error: undefined
error: undefined {"kind":"ObjectId","path":"_id","reason":{},"stringValue":"\"delete\"","value":"delete","valueType":"string"}
error: undefined {"kind":"ObjectId","path":"_id","reason":{},"stringValue":"\"delete\"","value":"delete","valueType":"string"}
error: undefined {"kind":"ObjectId","path":"_id","reason":{},"stringValue":"\"delete\"","value":"delete","valueType":"string"}
error: undefined {"kind":"ObjectId","path":"_id","reason":{},"stringValue":"\"delete\"","value":"delete","valueType":"string"}
error: undefined {"kind":"ObjectId","path":"_id","reason":{},"stringValue":"\"delete\"","value":"delete","valueType":"string"}
error: undefined {"kind":"ObjectId","path":"_id","reason":{},"stringValue":"\"delete\"","value":"delete","valueType":"string"}
error: undefined {"kind":"ObjectId","path":"_id","reason":{},"stringValue":"\"delete\"","value":"delete","valueType":"string"}
error: undefined {"kind":"ObjectId","path":"_id","reason":{},"stringValue":"\"deleteAllUsers\"","value":"deleteAllUsers","valueType":"string"}
error: undefined {"kind":"ObjectId","path":"_id","reason":{},"stringValue":"\"deleteAllUsers\"","value":"deleteAllUsers","valueType":"string"}
error: undefined {"kind":"ObjectId","path":"_id","reason":{},"stringValue":"\"deleteAllUsers\"","value":"deleteAllUsers","valueType":"string"}
error: undefined {"kind":"ObjectId","path":"_id","reason":{},"stringValue":"\"deleteAllUsers\"","value":"deleteAllUsers","valueType":"string"}
error: undefined {"kind":"ObjectId","path":"_id","reason":{},"stringValue":"\"deleteusers\"","value":"deleteusers","valueType":"string"}
error: undefined {"kind":"ObjectId","path":"_id","reason":{},"stringValue":"\"deleteusers\"","value":"deleteusers","valueType":"string"}
error: undefined {"kind":"ObjectId","path":"_id","reason":{},"stringValue":"\"deleteusers\"","value":"deleteusers","valueType":"string"}
error: undefined {"kind":"ObjectId","path":"_id","reason":{},"stringValue":"\"deleteusers\"","value":"deleteusers","valueType":"string"}
error: undefined {"kind":"ObjectId","path":"_id","reason":{},"stringValue":"\"deleteusers\"","value":"deleteusers","valueType":"string"}
error: undefined {"kind":"ObjectId","path":"_id","reason":{},"stringValue":"\"r\"","value":"r","valueType":"string"}
error: undefined {"kind":"ObjectId","path":"_id","reason":{},"stringValue":"\"deleteusers\"","value":"deleteusers","valueType":"string"}
error: undefined {"kind":"ObjectId","path":"_id","reason":{},"stringValue":"\"deleteusers\"","value":"deleteusers","valueType":"string"}
error: undefined
error: undefined
error: undefined
error: undefined
error: undefined
error: undefined
error: undefined
error: undefined
error: undefined
error: undefined
error: undefined
error: undefined
error: undefined
error: undefined
error: undefined
error: undefined
error: undefined
error: undefinederror: No se ha podido conectar a la base de datos
error: No se ha podido conectar a la base de datos
error: No se ha podido conectar a la base de datos
error: No se ha podido conectar a la base de datos
